Arguments: 
  /Users/manqingchen/.nvm/versions/node/v16.17.0/bin/node /usr/local/Cellar/yarn/1.22.10/libexec/bin/yarn.js install

PATH: 
  /Users/manqingchen/.nvm/versions/node/v16.17.0/bin:/usr/local/opt/openssl/bin:/usr/local/bin:/usr/bin:/bin:/usr/sbin:/sbin:/usr/local/tomcat9/bin/:/usr/local/mongo/bin:/Users/manqingchen/Documents/Project/maven3.9.0/bin:/bin

Yarn version: 
  1.22.10

Node version: 
  16.17.0

Platform: 
  darwin x64

Trace: 
  Error: read ECONNRESET
      at TLSWrap.onStreamRead (node:internal/stream_base_commons:217:20)

npm manifest: 
  {
    "name": "cat-board-server",
    "version": "1.0.0",
    "description": "",
    "main": "index.js",
    "scripts": {
      "start": "nodemon --exec babel-node -- cat.js"
    },
    "keywords": [],
    "author": "oddisland",
    "license": "ISC",
    "dependencies": {
      "axios": "^0.18.0",
      "body-parser": "^1.19.0",
      "compressing": "^1.5.1",
      "compression": "^1.7.4",
      "cookie-parser": "^1.4.3",
      "cors": "^2.8.5",
      "dayjs": "^1.10.7",
      "dotenv": "^16.0.3",
      "express": "^4.16.4",
      "formidable": "^2.0.1",
      "jsonwebtoken": "^8.3.0",
      "morgan": "^1.9.1",
      "multer": "^1.4.1",
      "@aws-sdk/client-dynamodb": "^3.359.0",
      "@aws-sdk/client-s3": "^3.32.0",
      "@aws-sdk/lib-dynamodb": "^3.359.0"
    },
    "devDependencies": {
      "babel-cli": "^6.26.0",
      "babel-preset-env": "^1.7.0",
      "nodemon": "^1.18.4"
    }
  }

yarn manifest: 
  No manifest

Lockfile: 
  No lockfile
